~~~~~
Running specs...
DEBUG: Module.mixin, source = Mithril::Mock::Foo, methods = [:mixins, :mixins=]
DEBUG: mixins = [Mithril::Mock::Foo]
DEBUG: Class.mixin, source = Mithril::Mock::Bar, methods = [:foo_m, :mixins, :mixins=]
DEBUG: mixins = [Mithril::Mock::Foo, Mithril::Mock::Bar]
DEBUG: Module.mixin, source = Mithril::Mock::Foo, methods = [:mixins, :mixins=]
DEBUG: mixins = [Mithril::Mock::Foo]
DEBUG: Class.mixin, source = Mithril::Mock::Bar, methods = [:foo_m, :mixins, :mixins=]
DEBUG: mixins = [Mithril::Mock::Foo, Mithril::Mock::Bar]
DEBUG: Module.mixin, source = Mithril::Mock::Foo, methods = [:mixins, :mixins=]
DEBUG: mixins = [Mithril::Mock::Foo]
DEBUG: Class.mixin, source = Mithril::Mock::Bar, methods = [:foo_m, :mixins, :mixins=]
DEBUG: mixins = [Mithril::Mock::Foo, Mithril::Mock::Bar]
DEBUG: Module.mixin, source = Mithril::Mock::Foo, methods = [:mixins, :mixins=]
DEBUG: mixins = [Mithril::Mock::Foo]
DEBUG: Class.mixin, source = Mithril::Mock::Bar, methods = [:foo_m, :mixins, :mixins=]
DEBUG: mixins = [Mithril::Mock::Foo, Mithril::Mock::Bar]
DEBUG: Module.mixin, source = Mithril::Mock::Foo, methods = [:mixins, :mixins=]
DEBUG: mixins = [Mithril::Mock::Foo]
DEBUG: Class.mixin, source = Mithril::Mock::Bar, methods = [:foo_m, :mixins, :mixins=]
DEBUG: mixins = [Mithril::Mock::Foo, Mithril::Mock::Bar]
DEBUG: Module.mixin, source = Mithril::Mock::Foo, methods = [:mixins, :mixins=]
DEBUG: mixins = [Mithril::Mock::Foo]
DEBUG: Class.mixin, source = Mithril::Mock::Bar, methods = [:foo_m, :mixins, :mixins=]
DEBUG: mixins = [Mithril::Mock::Foo, Mithril::Mock::Bar]
